2019-09-30 13:30:28.254  INFO 19788 --- [Thread-194] o.s.s.concurrent.ThreadPoolTaskExecutor  : Shutting down ExecutorService 'applicationTaskExecutor'
2019-09-30 13:30:39.633  INFO 19788 --- [restartedMain] c.c.VehicleNetworkingDataApplication     : Starting VehicleNetworkingDataApplication on DESKTOP-VNM988E with PID 19788 (C:\Users\cennavi\eclipse-workspace\vehicle_networking_data\target\classes started by cennavi in C:\Users\cennavi\eclipse-workspace\vehicle_networking_data)
2019-09-30 13:30:39.633  INFO 19788 --- [restartedMain] c.c.VehicleNetworkingDataApplication     : No active profile set, falling back to default profiles: default
2019-09-30 13:30:40.751  INFO 19788 --- [restartedMain] .s.d.r.c.RepositoryConfigurationDelegate : Multiple Spring Data modules found, entering strict repository configuration mode!
2019-09-30 13:30:40.752  INFO 19788 --- [restartedMain] .s.d.r.c.RepositoryConfigurationDelegate : Bootstrapping Spring Data repositories in DEFAULT mode.
2019-09-30 13:30:40.789  INFO 19788 --- [restartedMain] .s.d.r.c.RepositoryConfigurationDelegate : Finished Spring Data repository scanning in 36ms. Found 0 repository interfaces.
2019-09-30 13:30:40.928  INFO 19788 --- [restartedMain] trationDelegate$BeanPostProcessorChecker : Bean 'org.springframework.kafka.annotation.KafkaBootstrapConfiguration' of type [org.springframework.kafka.annotation.KafkaBootstrapConfiguration$$EnhancerBySpringCGLIB$$85c5a7cf] is not eligible for getting processed by all BeanPostProcessors (for example: not eligible for auto-proxying)
2019-09-30 13:30:40.932  INFO 19788 --- [restartedMain] trationDelegate$BeanPostProcessorChecker : Bean 'org.springframework.ws.config.annotation.DelegatingWsConfiguration' of type [org.springframework.ws.config.annotation.DelegatingWsConfiguration$$EnhancerBySpringCGLIB$$56ab5b4b] is not eligible for getting processed by all BeanPostProcessors (for example: not eligible for auto-proxying)
2019-09-30 13:30:40.941  INFO 19788 --- [restartedMain] .w.s.a.s.AnnotationActionEndpointMapping : Supporting [WS-Addressing August 2004, WS-Addressing 1.0]
2019-09-30 13:30:40.949  INFO 19788 --- [restartedMain] trationDelegate$BeanPostProcessorChecker : Bean 'org.springframework.transaction.annotation.ProxyTransactionManagementConfiguration' of type [org.springframework.transaction.annotation.ProxyTransactionManagementConfiguration$$EnhancerBySpringCGLIB$$b213964c] is not eligible for getting processed by all BeanPostProcessors (for example: not eligible for auto-proxying)
2019-09-30 13:30:41.326  INFO 19788 --- [restartedMain] o.s.b.w.embedded.tomcat.TomcatWebServer  : Tomcat initialized with port(s): 9086 (http)
2019-09-30 13:30:41.327  INFO 19788 --- [restartedMain] o.apache.catalina.core.StandardService   : Starting service [Tomcat]
2019-09-30 13:30:41.328  INFO 19788 --- [restartedMain] org.apache.catalina.core.StandardEngine  : Starting Servlet engine: [Apache Tomcat/9.0.16]
2019-09-30 13:30:41.379  INFO 19788 --- [restartedMain] o.a.c.c.C.[Tomcat-4].[localhost].[/iov]  : Initializing Spring embedded WebApplicationContext
2019-09-30 13:30:41.379  INFO 19788 --- [restartedMain] o.s.web.context.ContextLoader            : Root WebApplicationContext: initialization completed in 1740 ms
2019-09-30 13:30:41.814  INFO 19788 --- [restartedMain] o.s.s.concurrent.ThreadPoolTaskExecutor  : Initializing ExecutorService 'applicationTaskExecutor'
2019-09-30 13:30:42.121  INFO 19788 --- [restartedMain] o.s.b.d.a.OptionalLiveReloadServer       : LiveReload server is running on port 35729
2019-09-30 13:30:42.141  INFO 19788 --- [restartedMain] o.s.b.w.embedded.tomcat.TomcatWebServer  : Tomcat started on port(s): 9086 (http) with context path '/iov'
2019-09-30 13:30:42.141  INFO 19788 --- [restartedMain] c.c.VehicleNetworkingDataApplication     : Started VehicleNetworkingDataApplication in 2.713 seconds (JVM running for 80783.545)
2019-09-30 13:30:42.144  INFO 19788 --- [restartedMain] .ConditionEvaluationDeltaLoggingListener : Condition evaluation unchanged
2019-09-30 13:36:43.683  INFO 19788 --- [Thread-201] o.s.s.concurrent.ThreadPoolTaskExecutor  : Shutting down ExecutorService 'applicationTaskExecutor'
2019-09-30 13:36:45.566  INFO 19788 --- [restartedMain] c.c.VehicleNetworkingDataApplication     : Starting VehicleNetworkingDataApplication on DESKTOP-VNM988E with PID 19788 (C:\Users\cennavi\eclipse-workspace\vehicle_networking_data\target\classes started by cennavi in C:\Users\cennavi\eclipse-workspace\vehicle_networking_data)
2019-09-30 13:36:45.567  INFO 19788 --- [restartedMain] c.c.VehicleNetworkingDataApplication     : No active profile set, falling back to default profiles: default
2019-09-30 13:36:46.283  INFO 19788 --- [restartedMain] .s.d.r.c.RepositoryConfigurationDelegate : Multiple Spring Data modules found, entering strict repository configuration mode!
2019-09-30 13:36:46.283  INFO 19788 --- [restartedMain] .s.d.r.c.RepositoryConfigurationDelegate : Bootstrapping Spring Data repositories in DEFAULT mode.
2019-09-30 13:36:46.328  INFO 19788 --- [restartedMain] .s.d.r.c.RepositoryConfigurationDelegate : Finished Spring Data repository scanning in 45ms. Found 0 repository interfaces.
2019-09-30 13:36:46.438  INFO 19788 --- [restartedMain] trationDelegate$BeanPostProcessorChecker : Bean 'org.springframework.kafka.annotation.KafkaBootstrapConfiguration' of type [org.springframework.kafka.annotation.KafkaBootstrapConfiguration$$EnhancerBySpringCGLIB$$85c5a7cf] is not eligible for getting processed by all BeanPostProcessors (for example: not eligible for auto-proxying)
2019-09-30 13:36:46.442  INFO 19788 --- [restartedMain] trationDelegate$BeanPostProcessorChecker : Bean 'org.springframework.ws.config.annotation.DelegatingWsConfiguration' of type [org.springframework.ws.config.annotation.DelegatingWsConfiguration$$EnhancerBySpringCGLIB$$56ab5b4b] is not eligible for getting processed by all BeanPostProcessors (for example: not eligible for auto-proxying)
2019-09-30 13:36:46.443  INFO 19788 --- [restartedMain] .w.s.a.s.AnnotationActionEndpointMapping : Supporting [WS-Addressing August 2004, WS-Addressing 1.0]
2019-09-30 13:36:46.451  INFO 19788 --- [restartedMain] trationDelegate$BeanPostProcessorChecker : Bean 'org.springframework.transaction.annotation.ProxyTransactionManagementConfiguration' of type [org.springframework.transaction.annotation.ProxyTransactionManagementConfiguration$$EnhancerBySpringCGLIB$$b213964c] is not eligible for getting processed by all BeanPostProcessors (for example: not eligible for auto-proxying)
2019-09-30 13:36:46.901  INFO 19788 --- [restartedMain] o.s.b.w.embedded.tomcat.TomcatWebServer  : Tomcat initialized with port(s): 9086 (http)
2019-09-30 13:36:46.903  INFO 19788 --- [restartedMain] o.apache.catalina.core.StandardService   : Starting service [Tomcat]
2019-09-30 13:36:46.903  INFO 19788 --- [restartedMain] org.apache.catalina.core.StandardEngine  : Starting Servlet engine: [Apache Tomcat/9.0.16]
2019-09-30 13:36:46.962  INFO 19788 --- [restartedMain] o.a.c.c.C.[Tomcat-4].[localhost].[/iov]  : Initializing Spring embedded WebApplicationContext
2019-09-30 13:36:46.962  INFO 19788 --- [restartedMain] o.s.web.context.ContextLoader            : Root WebApplicationContext: initialization completed in 1389 ms
2019-09-30 13:36:47.148  INFO 19788 --- [restartedMain] o.s.s.concurrent.ThreadPoolTaskExecutor  : Initializing ExecutorService 'applicationTaskExecutor'
2019-09-30 13:36:47.391  INFO 19788 --- [restartedMain] o.s.b.d.a.OptionalLiveReloadServer       : LiveReload server is running on port 35729
2019-09-30 13:36:47.424  INFO 19788 --- [restartedMain] o.s.b.w.embedded.tomcat.TomcatWebServer  : Tomcat started on port(s): 9086 (http) with context path '/iov'
2019-09-30 13:36:47.425  INFO 19788 --- [restartedMain] c.c.VehicleNetworkingDataApplication     : Started VehicleNetworkingDataApplication in 2.013 seconds (JVM running for 81148.829)
2019-09-30 13:36:47.428  INFO 19788 --- [restartedMain] .ConditionEvaluationDeltaLoggingListener : Condition evaluation unchanged
2019-09-30 13:37:39.224  INFO 19788 --- [Thread-207] o.s.s.concurrent.ThreadPoolTaskExecutor  : Shutting down ExecutorService 'applicationTaskExecutor'
2019-09-30 13:37:41.393  INFO 19788 --- [restartedMain] c.c.VehicleNetworkingDataApplication     : Starting VehicleNetworkingDataApplication on DESKTOP-VNM988E with PID 19788 (C:\Users\cennavi\eclipse-workspace\vehicle_networking_data\target\classes started by cennavi in C:\Users\cennavi\eclipse-workspace\vehicle_networking_data)
2019-09-30 13:37:41.393  INFO 19788 --- [restartedMain] c.c.VehicleNetworkingDataApplication     : No active profile set, falling back to default profiles: default
2019-09-30 13:37:42.265  INFO 19788 --- [restartedMain] .s.d.r.c.RepositoryConfigurationDelegate : Multiple Spring Data modules found, entering strict repository configuration mode!
2019-09-30 13:37:42.266  INFO 19788 --- [restartedMain] .s.d.r.c.RepositoryConfigurationDelegate : Bootstrapping Spring Data repositories in DEFAULT mode.
2019-09-30 13:37:42.317  INFO 19788 --- [restartedMain] .s.d.r.c.RepositoryConfigurationDelegate : Finished Spring Data repository scanning in 50ms. Found 0 repository interfaces.
2019-09-30 13:37:42.494  INFO 19788 --- [restartedMain] trationDelegate$BeanPostProcessorChecker : Bean 'org.springframework.kafka.annotation.KafkaBootstrapConfiguration' of type [org.springframework.kafka.annotation.KafkaBootstrapConfiguration$$EnhancerBySpringCGLIB$$85c5a7cf] is not eligible for getting processed by all BeanPostProcessors (for example: not eligible for auto-proxying)
2019-09-30 13:37:42.502  INFO 19788 --- [restartedMain] trationDelegate$BeanPostProcessorChecker : Bean 'org.springframework.ws.config.annotation.DelegatingWsConfiguration' of type [org.springframework.ws.config.annotation.DelegatingWsConfiguration$$EnhancerBySpringCGLIB$$56ab5b4b] is not eligible for getting processed by all BeanPostProcessors (for example: not eligible for auto-proxying)
2019-09-30 13:37:42.521  INFO 19788 --- [restartedMain] .w.s.a.s.AnnotationActionEndpointMapping : Supporting [WS-Addressing August 2004, WS-Addressing 1.0]
2019-09-30 13:37:42.539  INFO 19788 --- [restartedMain] trationDelegate$BeanPostProcessorChecker : Bean 'org.springframework.transaction.annotation.ProxyTransactionManagementConfiguration' of type [org.springframework.transaction.annotation.ProxyTransactionManagementConfiguration$$EnhancerBySpringCGLIB$$b213964c] is not eligible for getting processed by all BeanPostProcessors (for example: not eligible for auto-proxying)
2019-09-30 13:37:42.954  INFO 19788 --- [restartedMain] o.s.b.w.embedded.tomcat.TomcatWebServer  : Tomcat initialized with port(s): 9086 (http)
2019-09-30 13:37:42.955  INFO 19788 --- [restartedMain] o.apache.catalina.core.StandardService   : Starting service [Tomcat]
2019-09-30 13:37:42.955  INFO 19788 --- [restartedMain] org.apache.catalina.core.StandardEngine  : Starting Servlet engine: [Apache Tomcat/9.0.16]
2019-09-30 13:37:43.017  INFO 19788 --- [restartedMain] o.a.c.c.C.[Tomcat-4].[localhost].[/iov]  : Initializing Spring embedded WebApplicationContext
2019-09-30 13:37:43.017  INFO 19788 --- [restartedMain] o.s.web.context.ContextLoader            : Root WebApplicationContext: initialization completed in 1618 ms
2019-09-30 13:37:43.162  INFO 19788 --- [restartedMain] o.s.s.concurrent.ThreadPoolTaskExecutor  : Initializing ExecutorService 'applicationTaskExecutor'
2019-09-30 13:37:43.398  INFO 19788 --- [restartedMain] o.s.b.d.a.OptionalLiveReloadServer       : LiveReload server is running on port 35729
2019-09-30 13:37:43.414  INFO 19788 --- [restartedMain] o.s.b.w.embedded.tomcat.TomcatWebServer  : Tomcat started on port(s): 9086 (http) with context path '/iov'
2019-09-30 13:37:43.415  INFO 19788 --- [restartedMain] c.c.VehicleNetworkingDataApplication     : Started VehicleNetworkingDataApplication in 2.183 seconds (JVM running for 81204.819)
2019-09-30 13:37:43.417  INFO 19788 --- [restartedMain] .ConditionEvaluationDeltaLoggingListener : Condition evaluation unchanged
2019-09-30 13:37:55.938  INFO 19788 --- [Thread-213] o.s.s.concurrent.ThreadPoolTaskExecutor  : Shutting down ExecutorService 'applicationTaskExecutor'
2019-09-30 13:37:58.331  INFO 19788 --- [restartedMain] c.c.VehicleNetworkingDataApplication     : Starting VehicleNetworkingDataApplication on DESKTOP-VNM988E with PID 19788 (C:\Users\cennavi\eclipse-workspace\vehicle_networking_data\target\classes started by cennavi in C:\Users\cennavi\eclipse-workspace\vehicle_networking_data)
2019-09-30 13:37:58.331  INFO 19788 --- [restartedMain] c.c.VehicleNetworkingDataApplication     : No active profile set, falling back to default profiles: default
2019-09-30 13:37:59.144  INFO 19788 --- [restartedMain] .s.d.r.c.RepositoryConfigurationDelegate : Multiple Spring Data modules found, entering strict repository configuration mode!
2019-09-30 13:37:59.145  INFO 19788 --- [restartedMain] .s.d.r.c.RepositoryConfigurationDelegate : Bootstrapping Spring Data repositories in DEFAULT mode.
2019-09-30 13:37:59.191  INFO 19788 --- [restartedMain] .s.d.r.c.RepositoryConfigurationDelegate : Finished Spring Data repository scanning in 45ms. Found 0 repository interfaces.
2019-09-30 13:37:59.285  INFO 19788 --- [restartedMain] trationDelegate$BeanPostProcessorChecker : Bean 'org.springframework.kafka.annotation.KafkaBootstrapConfiguration' of type [org.springframework.kafka.annotation.KafkaBootstrapConfiguration$$EnhancerBySpringCGLIB$$85c5a7cf] is not eligible for getting processed by all BeanPostProcessors (for example: not eligible for auto-proxying)
2019-09-30 13:37:59.287  INFO 19788 --- [restartedMain] trationDelegate$BeanPostProcessorChecker : Bean 'org.springframework.ws.config.annotation.DelegatingWsConfiguration' of type [org.springframework.ws.config.annotation.DelegatingWsConfiguration$$EnhancerBySpringCGLIB$$56ab5b4b] is not eligible for getting processed by all BeanPostProcessors (for example: not eligible for auto-proxying)
2019-09-30 13:37:59.288  INFO 19788 --- [restartedMain] .w.s.a.s.AnnotationActionEndpointMapping : Supporting [WS-Addressing August 2004, WS-Addressing 1.0]
2019-09-30 13:37:59.294  INFO 19788 --- [restartedMain] trationDelegate$BeanPostProcessorChecker : Bean 'org.springframework.transaction.annotation.ProxyTransactionManagementConfiguration' of type [org.springframework.transaction.annotation.ProxyTransactionManagementConfiguration$$EnhancerBySpringCGLIB$$b213964c] is not eligible for getting processed by all BeanPostProcessors (for example: not eligible for auto-proxying)
2019-09-30 13:37:59.532  INFO 19788 --- [restartedMain] o.s.b.w.embedded.tomcat.TomcatWebServer  : Tomcat initialized with port(s): 9086 (http)
2019-09-30 13:37:59.533  INFO 19788 --- [restartedMain] o.apache.catalina.core.StandardService   : Starting service [Tomcat]
2019-09-30 13:37:59.533  INFO 19788 --- [restartedMain] org.apache.catalina.core.StandardEngine  : Starting Servlet engine: [Apache Tomcat/9.0.16]
2019-09-30 13:37:59.598  INFO 19788 --- [restartedMain] o.a.c.c.C.[Tomcat-4].[localhost].[/iov]  : Initializing Spring embedded WebApplicationContext
2019-09-30 13:37:59.598  INFO 19788 --- [restartedMain] o.s.web.context.ContextLoader            : Root WebApplicationContext: initialization completed in 1262 ms
2019-09-30 13:37:59.821  INFO 19788 --- [restartedMain] o.s.s.concurrent.ThreadPoolTaskExecutor  : Initializing ExecutorService 'applicationTaskExecutor'
2019-09-30 13:38:00.314  INFO 19788 --- [restartedMain] o.s.b.d.a.OptionalLiveReloadServer       : LiveReload server is running on port 35729
2019-09-30 13:38:00.333  INFO 19788 --- [restartedMain] o.s.b.w.embedded.tomcat.TomcatWebServer  : Tomcat started on port(s): 9086 (http) with context path '/iov'
2019-09-30 13:38:00.333  INFO 19788 --- [restartedMain] c.c.VehicleNetworkingDataApplication     : Started VehicleNetworkingDataApplication in 2.11 seconds (JVM running for 81221.738)
2019-09-30 13:38:00.335  INFO 19788 --- [restartedMain] .ConditionEvaluationDeltaLoggingListener : Condition evaluation unchanged
2019-09-30 15:06:41.241  INFO 19788 --- [Thread-219] o.s.s.concurrent.ThreadPoolTaskExecutor  : Shutting down ExecutorService 'applicationTaskExecutor'
2019-09-30 15:06:43.598  INFO 19788 --- [restartedMain] c.c.VehicleNetworkingDataApplication     : Starting VehicleNetworkingDataApplication on DESKTOP-VNM988E with PID 19788 (C:\Users\cennavi\eclipse-workspace\vehicle_networking_data\target\classes started by cennavi in C:\Users\cennavi\eclipse-workspace\vehicle_networking_data)
2019-09-30 15:06:43.598  INFO 19788 --- [restartedMain] c.c.VehicleNetworkingDataApplication     : No active profile set, falling back to default profiles: default
2019-09-30 15:06:44.417  INFO 19788 --- [restartedMain] .s.d.r.c.RepositoryConfigurationDelegate : Multiple Spring Data modules found, entering strict repository configuration mode!
2019-09-30 15:06:44.419  INFO 19788 --- [restartedMain] .s.d.r.c.RepositoryConfigurationDelegate : Bootstrapping Spring Data repositories in DEFAULT mode.
2019-09-30 15:06:44.477  INFO 19788 --- [restartedMain] .s.d.r.c.RepositoryConfigurationDelegate : Finished Spring Data repository scanning in 56ms. Found 0 repository interfaces.
2019-09-30 15:06:44.786  INFO 19788 --- [restartedMain] trationDelegate$BeanPostProcessorChecker : Bean 'org.springframework.kafka.annotation.KafkaBootstrapConfiguration' of type [org.springframework.kafka.annotation.KafkaBootstrapConfiguration$$EnhancerBySpringCGLIB$$85c5a7cf] is not eligible for getting processed by all BeanPostProcessors (for example: not eligible for auto-proxying)
2019-09-30 15:06:44.789  INFO 19788 --- [restartedMain] trationDelegate$BeanPostProcessorChecker : Bean 'org.springframework.ws.config.annotation.DelegatingWsConfiguration' of type [org.springframework.ws.config.annotation.DelegatingWsConfiguration$$EnhancerBySpringCGLIB$$56ab5b4b] is not eligible for getting processed by all BeanPostProcessors (for example: not eligible for auto-proxying)
2019-09-30 15:06:44.791  INFO 19788 --- [restartedMain] .w.s.a.s.AnnotationActionEndpointMapping : Supporting [WS-Addressing August 2004, WS-Addressing 1.0]
2019-09-30 15:06:44.798  INFO 19788 --- [restartedMain] trationDelegate$BeanPostProcessorChecker : Bean 'org.springframework.transaction.annotation.ProxyTransactionManagementConfiguration' of type [org.springframework.transaction.annotation.ProxyTransactionManagementConfiguration$$EnhancerBySpringCGLIB$$b213964c] is not eligible for getting processed by all BeanPostProcessors (for example: not eligible for auto-proxying)
2019-09-30 15:06:45.038  INFO 19788 --- [restartedMain] o.s.b.w.embedded.tomcat.TomcatWebServer  : Tomcat initialized with port(s): 9086 (http)
2019-09-30 15:06:45.039  INFO 19788 --- [restartedMain] o.apache.catalina.core.StandardService   : Starting service [Tomcat]
2019-09-30 15:06:45.040  INFO 19788 --- [restartedMain] org.apache.catalina.core.StandardEngine  : Starting Servlet engine: [Apache Tomcat/9.0.16]
2019-09-30 15:06:45.109  INFO 19788 --- [restartedMain] o.a.c.c.C.[Tomcat-4].[localhost].[/iov]  : Initializing Spring embedded WebApplicationContext
2019-09-30 15:06:45.109  INFO 19788 --- [restartedMain] o.s.web.context.ContextLoader            : Root WebApplicationContext: initialization completed in 1503 ms
2019-09-30 15:06:45.324  INFO 19788 --- [restartedMain] o.s.s.concurrent.ThreadPoolTaskExecutor  : Initializing ExecutorService 'applicationTaskExecutor'
2019-09-30 15:06:45.559  INFO 19788 --- [restartedMain] o.s.b.d.a.OptionalLiveReloadServer       : LiveReload server is running on port 35729
2019-09-30 15:06:45.595  INFO 19788 --- [restartedMain] o.s.b.w.embedded.tomcat.TomcatWebServer  : Tomcat started on port(s): 9086 (http) with context path '/iov'
2019-09-30 15:06:45.596  INFO 19788 --- [restartedMain] c.c.VehicleNetworkingDataApplication     : Started VehicleNetworkingDataApplication in 2.228 seconds (JVM running for 86547.006)
2019-09-30 15:06:45.601  INFO 19788 --- [restartedMain] .ConditionEvaluationDeltaLoggingListener : Condition evaluation unchanged
2019-09-30 15:07:44.394  INFO 19788 --- [Thread-225] o.s.s.concurrent.ThreadPoolTaskExecutor  : Shutting down ExecutorService 'applicationTaskExecutor'
2019-09-30 15:07:46.281  INFO 19788 --- [restartedMain] c.c.VehicleNetworkingDataApplication     : Starting VehicleNetworkingDataApplication on DESKTOP-VNM988E with PID 19788 (C:\Users\cennavi\eclipse-workspace\vehicle_networking_data\target\classes started by cennavi in C:\Users\cennavi\eclipse-workspace\vehicle_networking_data)
2019-09-30 15:07:46.283  INFO 19788 --- [restartedMain] c.c.VehicleNetworkingDataApplication     : No active profile set, falling back to default profiles: default
2019-09-30 15:07:46.955  INFO 19788 --- [restartedMain] .s.d.r.c.RepositoryConfigurationDelegate : Multiple Spring Data modules found, entering strict repository configuration mode!
2019-09-30 15:07:46.955  INFO 19788 --- [restartedMain] .s.d.r.c.RepositoryConfigurationDelegate : Bootstrapping Spring Data repositories in DEFAULT mode.
2019-09-30 15:07:46.991  INFO 19788 --- [restartedMain] .s.d.r.c.RepositoryConfigurationDelegate : Finished Spring Data repository scanning in 35ms. Found 0 repository interfaces.
2019-09-30 15:07:47.066  INFO 19788 --- [restartedMain] trationDelegate$BeanPostProcessorChecker : Bean 'org.springframework.kafka.annotation.KafkaBootstrapConfiguration' of type [org.springframework.kafka.annotation.KafkaBootstrapConfiguration$$EnhancerBySpringCGLIB$$85c5a7cf] is not eligible for getting processed by all BeanPostProcessors (for example: not eligible for auto-proxying)
2019-09-30 15:07:47.069  INFO 19788 --- [restartedMain] trationDelegate$BeanPostProcessorChecker : Bean 'org.springframework.ws.config.annotation.DelegatingWsConfiguration' of type [org.springframework.ws.config.annotation.DelegatingWsConfiguration$$EnhancerBySpringCGLIB$$56ab5b4b] is not eligible for getting processed by all BeanPostProcessors (for example: not eligible for auto-proxying)
2019-09-30 15:07:47.070  INFO 19788 --- [restartedMain] .w.s.a.s.AnnotationActionEndpointMapping : Supporting [WS-Addressing August 2004, WS-Addressing 1.0]
2019-09-30 15:07:47.077  INFO 19788 --- [restartedMain] trationDelegate$BeanPostProcessorChecker : Bean 'org.springframework.transaction.annotation.ProxyTransactionManagementConfiguration' of type [org.springframework.transaction.annotation.ProxyTransactionManagementConfiguration$$EnhancerBySpringCGLIB$$b213964c] is not eligible for getting processed by all BeanPostProcessors (for example: not eligible for auto-proxying)
2019-09-30 15:07:47.432  INFO 19788 --- [restartedMain] o.s.b.w.embedded.tomcat.TomcatWebServer  : Tomcat initialized with port(s): 9086 (http)
2019-09-30 15:07:47.433  INFO 19788 --- [restartedMain] o.apache.catalina.core.StandardService   : Starting service [Tomcat]
2019-09-30 15:07:47.433  INFO 19788 --- [restartedMain] org.apache.catalina.core.StandardEngine  : Starting Servlet engine: [Apache Tomcat/9.0.16]
2019-09-30 15:07:47.512  INFO 19788 --- [restartedMain] o.a.c.c.C.[Tomcat-4].[localhost].[/iov]  : Initializing Spring embedded WebApplicationContext
2019-09-30 15:07:47.512  INFO 19788 --- [restartedMain] o.s.web.context.ContextLoader            : Root WebApplicationContext: initialization completed in 1215 ms
2019-09-30 15:07:47.806  INFO 19788 --- [restartedMain] o.s.s.concurrent.ThreadPoolTaskExecutor  : Initializing ExecutorService 'applicationTaskExecutor'
2019-09-30 15:07:48.175  INFO 19788 --- [restartedMain] o.s.b.d.a.OptionalLiveReloadServer       : LiveReload server is running on port 35729
2019-09-30 15:07:48.195  INFO 19788 --- [restartedMain] o.s.b.w.embedded.tomcat.TomcatWebServer  : Tomcat started on port(s): 9086 (http) with context path '/iov'
2019-09-30 15:07:48.195  INFO 19788 --- [restartedMain] c.c.VehicleNetworkingDataApplication     : Started VehicleNetworkingDataApplication in 2.113 seconds (JVM running for 86609.605)
2019-09-30 15:07:48.198  INFO 19788 --- [restartedMain] .ConditionEvaluationDeltaLoggingListener : Condition evaluation unchanged
2019-09-30 15:08:01.011  INFO 19788 --- [Thread-231] o.s.s.concurrent.ThreadPoolTaskExecutor  : Shutting down ExecutorService 'applicationTaskExecutor'
2019-09-30 15:08:04.082  INFO 19788 --- [restartedMain] c.c.VehicleNetworkingDataApplication     : Starting VehicleNetworkingDataApplication on DESKTOP-VNM988E with PID 19788 (C:\Users\cennavi\eclipse-workspace\vehicle_networking_data\target\classes started by cennavi in C:\Users\cennavi\eclipse-workspace\vehicle_networking_data)
2019-09-30 15:08:04.083  INFO 19788 --- [restartedMain] c.c.VehicleNetworkingDataApplication     : No active profile set, falling back to default profiles: default
2019-09-30 15:08:05.126  INFO 19788 --- [restartedMain] .s.d.r.c.RepositoryConfigurationDelegate : Multiple Spring Data modules found, entering strict repository configuration mode!
2019-09-30 15:08:05.127  INFO 19788 --- [restartedMain] .s.d.r.c.RepositoryConfigurationDelegate : Bootstrapping Spring Data repositories in DEFAULT mode.
2019-09-30 15:08:05.169  INFO 19788 --- [restartedMain] .s.d.r.c.RepositoryConfigurationDelegate : Finished Spring Data repository scanning in 41ms. Found 0 repository interfaces.
2019-09-30 15:08:05.305  INFO 19788 --- [restartedMain] trationDelegate$BeanPostProcessorChecker : Bean 'org.springframework.kafka.annotation.KafkaBootstrapConfiguration' of type [org.springframework.kafka.annotation.KafkaBootstrapConfiguration$$EnhancerBySpringCGLIB$$85c5a7cf] is not eligible for getting processed by all BeanPostProcessors (for example: not eligible for auto-proxying)
2019-09-30 15:08:05.307  INFO 19788 --- [restartedMain] trationDelegate$BeanPostProcessorChecker : Bean 'org.springframework.ws.config.annotation.DelegatingWsConfiguration' of type [org.springframework.ws.config.annotation.DelegatingWsConfiguration$$EnhancerBySpringCGLIB$$56ab5b4b] is not eligible for getting processed by all BeanPostProcessors (for example: not eligible for auto-proxying)
2019-09-30 15:08:05.309  INFO 19788 --- [restartedMain] .w.s.a.s.AnnotationActionEndpointMapping : Supporting [WS-Addressing August 2004, WS-Addressing 1.0]
2019-09-30 15:08:05.316  INFO 19788 --- [restartedMain] trationDelegate$BeanPostProcessorChecker : Bean 'org.springframework.transaction.annotation.ProxyTransactionManagementConfiguration' of type [org.springframework.transaction.annotation.ProxyTransactionManagementConfiguration$$EnhancerBySpringCGLIB$$b213964c] is not eligible for getting processed by all BeanPostProcessors (for example: not eligible for auto-proxying)
2019-09-30 15:08:05.595  INFO 19788 --- [restartedMain] o.s.b.w.embedded.tomcat.TomcatWebServer  : Tomcat initialized with port(s): 9086 (http)
2019-09-30 15:08:05.597  INFO 19788 --- [restartedMain] o.apache.catalina.core.StandardService   : Starting service [Tomcat]
2019-09-30 15:08:05.597  INFO 19788 --- [restartedMain] org.apache.catalina.core.StandardEngine  : Starting Servlet engine: [Apache Tomcat/9.0.16]
2019-09-30 15:08:05.676  INFO 19788 --- [restartedMain] o.a.c.c.C.[Tomcat-4].[localhost].[/iov]  : Initializing Spring embedded WebApplicationContext
2019-09-30 15:08:05.676  INFO 19788 --- [restartedMain] o.s.web.context.ContextLoader            : Root WebApplicationContext: initialization completed in 1587 ms
2019-09-30 15:08:05.807  INFO 19788 --- [restartedMain] o.s.s.concurrent.ThreadPoolTaskExecutor  : Initializing ExecutorService 'applicationTaskExecutor'
2019-09-30 15:08:06.070  INFO 19788 --- [restartedMain] o.s.b.d.a.OptionalLiveReloadServer       : LiveReload server is running on port 35729
2019-09-30 15:08:06.089  INFO 19788 --- [restartedMain] o.s.b.w.embedded.tomcat.TomcatWebServer  : Tomcat started on port(s): 9086 (http) with context path '/iov'
2019-09-30 15:08:06.089  INFO 19788 --- [restartedMain] c.c.VehicleNetworkingDataApplication     : Started VehicleNetworkingDataApplication in 2.167 seconds (JVM running for 86627.499)
2019-09-30 15:08:06.092  INFO 19788 --- [restartedMain] .ConditionEvaluationDeltaLoggingListener : Condition evaluation unchanged
2019-09-30 15:08:30.427  INFO 19788 --- [Thread-237] o.s.s.concurrent.ThreadPoolTaskExecutor  : Shutting down ExecutorService 'applicationTaskExecutor'
2019-09-30 15:08:32.319  INFO 19788 --- [restartedMain] c.c.VehicleNetworkingDataApplication     : Starting VehicleNetworkingDataApplication on DESKTOP-VNM988E with PID 19788 (C:\Users\cennavi\eclipse-workspace\vehicle_networking_data\target\classes started by cennavi in C:\Users\cennavi\eclipse-workspace\vehicle_networking_data)
2019-09-30 15:08:32.319  INFO 19788 --- [restartedMain] c.c.VehicleNetworkingDataApplication     : No active profile set, falling back to default profiles: default
2019-09-30 15:08:33.041  INFO 19788 --- [restartedMain] .s.d.r.c.RepositoryConfigurationDelegate : Multiple Spring Data modules found, entering strict repository configuration mode!
2019-09-30 15:08:33.041  INFO 19788 --- [restartedMain] .s.d.r.c.RepositoryConfigurationDelegate : Bootstrapping Spring Data repositories in DEFAULT mode.
2019-09-30 15:08:33.084  INFO 19788 --- [restartedMain] .s.d.r.c.RepositoryConfigurationDelegate : Finished Spring Data repository scanning in 43ms. Found 0 repository interfaces.
2019-09-30 15:08:33.166  INFO 19788 --- [restartedMain] trationDelegate$BeanPostProcessorChecker : Bean 'org.springframework.kafka.annotation.KafkaBootstrapConfiguration' of type [org.springframework.kafka.annotation.KafkaBootstrapConfiguration$$EnhancerBySpringCGLIB$$85c5a7cf] is not eligible for getting processed by all BeanPostProcessors (for example: not eligible for auto-proxying)
2019-09-30 15:08:33.169  INFO 19788 --- [restartedMain] trationDelegate$BeanPostProcessorChecker : Bean 'org.springframework.ws.config.annotation.DelegatingWsConfiguration' of type [org.springframework.ws.config.annotation.DelegatingWsConfiguration$$EnhancerBySpringCGLIB$$56ab5b4b] is not eligible for getting processed by all BeanPostProcessors (for example: not eligible for auto-proxying)
2019-09-30 15:08:33.171  INFO 19788 --- [restartedMain] .w.s.a.s.AnnotationActionEndpointMapping : Supporting [WS-Addressing August 2004, WS-Addressing 1.0]
2019-09-30 15:08:33.176  INFO 19788 --- [restartedMain] trationDelegate$BeanPostProcessorChecker : Bean 'org.springframework.transaction.annotation.ProxyTransactionManagementConfiguration' of type [org.springframework.transaction.annotation.ProxyTransactionManagementConfiguration$$EnhancerBySpringCGLIB$$b213964c] is not eligible for getting processed by all BeanPostProcessors (for example: not eligible for auto-proxying)
2019-09-30 15:08:33.433  INFO 19788 --- [restartedMain] o.s.b.w.embedded.tomcat.TomcatWebServer  : Tomcat initialized with port(s): 9086 (http)
2019-09-30 15:08:33.435  INFO 19788 --- [restartedMain] o.apache.catalina.core.StandardService   : Starting service [Tomcat]
2019-09-30 15:08:33.435  INFO 19788 --- [restartedMain] org.apache.catalina.core.StandardEngine  : Starting Servlet engine: [Apache Tomcat/9.0.16]
2019-09-30 15:08:33.491  INFO 19788 --- [restartedMain] o.a.c.c.C.[Tomcat-4].[localhost].[/iov]  : Initializing Spring embedded WebApplicationContext
2019-09-30 15:08:33.491  INFO 19788 --- [restartedMain] o.s.web.context.ContextLoader            : Root WebApplicationContext: initialization completed in 1167 ms
2019-09-30 15:08:33.762  INFO 19788 --- [restartedMain] o.s.s.concurrent.ThreadPoolTaskExecutor  : Initializing ExecutorService 'applicationTaskExecutor'
2019-09-30 15:08:33.969  INFO 19788 --- [restartedMain] o.s.b.d.a.OptionalLiveReloadServer       : LiveReload server is running on port 35729
2019-09-30 15:08:33.988  INFO 19788 --- [restartedMain] o.s.b.w.embedded.tomcat.TomcatWebServer  : Tomcat started on port(s): 9086 (http) with context path '/iov'
2019-09-30 15:08:33.988  INFO 19788 --- [restartedMain] c.c.VehicleNetworkingDataApplication     : Started VehicleNetworkingDataApplication in 1.784 seconds (JVM running for 86655.398)
2019-09-30 15:08:33.990  INFO 19788 --- [restartedMain] .ConditionEvaluationDeltaLoggingListener : Condition evaluation unchanged
2019-09-30 15:08:49.025  INFO 19788 --- [Thread-243] o.s.s.concurrent.ThreadPoolTaskExecutor  : Shutting down ExecutorService 'applicationTaskExecutor'
2019-09-30 15:08:51.160  INFO 19788 --- [restartedMain] c.c.VehicleNetworkingDataApplication     : Starting VehicleNetworkingDataApplication on DESKTOP-VNM988E with PID 19788 (C:\Users\cennavi\eclipse-workspace\vehicle_networking_data\target\classes started by cennavi in C:\Users\cennavi\eclipse-workspace\vehicle_networking_data)
2019-09-30 15:08:51.161  INFO 19788 --- [restartedMain] c.c.VehicleNetworkingDataApplication     : No active profile set, falling back to default profiles: default
2019-09-30 15:08:52.398  INFO 19788 --- [restartedMain] .s.d.r.c.RepositoryConfigurationDelegate : Multiple Spring Data modules found, entering strict repository configuration mode!
2019-09-30 15:08:52.398  INFO 19788 --- [restartedMain] .s.d.r.c.RepositoryConfigurationDelegate : Bootstrapping Spring Data repositories in DEFAULT mode.
2019-09-30 15:08:52.465  INFO 19788 --- [restartedMain] .s.d.r.c.RepositoryConfigurationDelegate : Finished Spring Data repository scanning in 66ms. Found 0 repository interfaces.
2019-09-30 15:08:52.586  INFO 19788 --- [restartedMain] trationDelegate$BeanPostProcessorChecker : Bean 'org.springframework.kafka.annotation.KafkaBootstrapConfiguration' of type [org.springframework.kafka.annotation.KafkaBootstrapConfiguration$$EnhancerBySpringCGLIB$$85c5a7cf] is not eligible for getting processed by all BeanPostProcessors (for example: not eligible for auto-proxying)
2019-09-30 15:08:52.602  INFO 19788 --- [restartedMain] trationDelegate$BeanPostProcessorChecker : Bean 'org.springframework.ws.config.annotation.DelegatingWsConfiguration' of type [org.springframework.ws.config.annotation.DelegatingWsConfiguration$$EnhancerBySpringCGLIB$$56ab5b4b] is not eligible for getting processed by all BeanPostProcessors (for example: not eligible for auto-proxying)
2019-09-30 15:08:52.605  INFO 19788 --- [restartedMain] .w.s.a.s.AnnotationActionEndpointMapping : Supporting [WS-Addressing August 2004, WS-Addressing 1.0]
2019-09-30 15:08:52.611  INFO 19788 --- [restartedMain] trationDelegate$BeanPostProcessorChecker : Bean 'org.springframework.transaction.annotation.ProxyTransactionManagementConfiguration' of type [org.springframework.transaction.annotation.ProxyTransactionManagementConfiguration$$EnhancerBySpringCGLIB$$b213964c] is not eligible for getting processed by all BeanPostProcessors (for example: not eligible for auto-proxying)
2019-09-30 15:08:52.853  INFO 19788 --- [restartedMain] o.s.b.w.embedded.tomcat.TomcatWebServer  : Tomcat initialized with port(s): 9086 (http)
2019-09-30 15:08:52.855  INFO 19788 --- [restartedMain] o.apache.catalina.core.StandardService   : Starting service [Tomcat]
2019-09-30 15:08:52.855  INFO 19788 --- [restartedMain] org.apache.catalina.core.StandardEngine  : Starting Servlet engine: [Apache Tomcat/9.0.16]
2019-09-30 15:08:52.925  INFO 19788 --- [restartedMain] o.a.c.c.C.[Tomcat-4].[localhost].[/iov]  : Initializing Spring embedded WebApplicationContext
2019-09-30 15:08:52.925  INFO 19788 --- [restartedMain] o.s.web.context.ContextLoader            : Root WebApplicationContext: initialization completed in 1752 ms
2019-09-30 15:08:53.240  INFO 19788 --- [restartedMain] o.s.s.concurrent.ThreadPoolTaskExecutor  : Initializing ExecutorService 'applicationTaskExecutor'
2019-09-30 15:08:53.481  INFO 19788 --- [restartedMain] o.s.b.d.a.OptionalLiveReloadServer       : LiveReload server is running on port 35729
2019-09-30 15:08:53.901  INFO 19788 --- [restartedMain] o.a.k.clients.consumer.ConsumerConfig    : ConsumerConfig values: 
	auto.commit.interval.ms = 5000
	auto.offset.reset = latest
	bootstrap.servers = [10.253.36.37:9092]
	check.crcs = true
	client.id = 
	connections.max.idle.ms = 540000
	default.api.timeout.ms = 60000
	enable.auto.commit = true
	exclude.internal.topics = true
	fetch.max.bytes = 52428800
	fetch.max.wait.ms = 500
	fetch.min.bytes = 1
	group.id = kafka2redis
	heartbeat.interval.ms = 3000
	interceptor.classes = []
	internal.leave.group.on.close = true
	isolation.level = read_uncommitted
	key.deserializer = class org.apache.kafka.common.serialization.StringDeserializer
	max.partition.fetch.bytes = 1048576
	max.poll.interval.ms = 300000
	max.poll.records = 500
	metadata.max.age.ms = 300000
	metric.reporters = []
	metrics.num.samples = 2
	metrics.recording.level = INFO
	metrics.sample.window.ms = 30000
	partition.assignment.strategy = [class org.apache.kafka.clients.consumer.RangeAssignor]
	receive.buffer.bytes = 65536
	reconnect.backoff.max.ms = 1000
	reconnect.backoff.ms = 50
	request.timeout.ms = 30000
	retry.backoff.ms = 100
	sasl.client.callback.handler.class = null
	sasl.jaas.config = null
	sasl.kerberos.kinit.cmd = /usr/bin/kinit
	sasl.kerberos.min.time.before.relogin = 60000
	sasl.kerberos.service.name = null
	sasl.kerberos.ticket.renew.jitter = 0.05
	sasl.kerberos.ticket.renew.window.factor = 0.8
	sasl.login.callback.handler.class = null
	sasl.login.class = null
	sasl.login.refresh.buffer.seconds = 300
	sasl.login.refresh.min.period.seconds = 60
	sasl.login.refresh.window.factor = 0.8
	sasl.login.refresh.window.jitter = 0.05
	sasl.mechanism = GSSAPI
	security.protocol = PLAINTEXT
	send.buffer.bytes = 131072
	session.timeout.ms = 10000
	ssl.cipher.suites = null
	ssl.enabled.protocols = [TLSv1.2, TLSv1.1, TLSv1]
	ssl.endpoint.identification.algorithm = https
	ssl.key.password = null
	ssl.keymanager.algorithm = SunX509
	ssl.keystore.location = null
	ssl.keystore.password = null
	ssl.keystore.type = JKS
	ssl.protocol = TLS
	ssl.provider = null
	ssl.secure.random.implementation = null
	ssl.trustmanager.algorithm = PKIX
	ssl.truststore.location = null
	ssl.truststore.password = null
	ssl.truststore.type = JKS
	value.deserializer = class org.apache.kafka.common.serialization.StringDeserializer

2019-09-30 15:08:54.343  INFO 19788 --- [restartedMain] o.a.kafka.common.utils.AppInfoParser     : Kafka version : 2.0.1
2019-09-30 15:08:54.345  INFO 19788 --- [restartedMain] o.a.kafka.common.utils.AppInfoParser     : Kafka commitId : fa14705e51bd2ce5
2019-09-30 15:08:55.021  WARN 19788 --- [restartedMain] org.apache.kafka.clients.NetworkClient   : [Consumer clientId=consumer-1, groupId=kafka2redis] Connection to node -1 could not be established. Broker may not be available.
2019-09-30 15:08:55.138  WARN 19788 --- [restartedMain] org.apache.kafka.clients.NetworkClient   : [Consumer clientId=consumer-1, groupId=kafka2redis] Connection to node -1 could not be established. Broker may not be available.
2019-09-30 15:08:55.240  WARN 19788 --- [restartedMain] org.apache.kafka.clients.NetworkClient   : [Consumer clientId=consumer-1, groupId=kafka2redis] Connection to node -1 could not be established. Broker may not be available.
2019-09-30 15:08:55.444  WARN 19788 --- [restartedMain] org.apache.kafka.clients.NetworkClient   : [Consumer clientId=consumer-1, groupId=kafka2redis] Connection to node -1 could not be established. Broker may not be available.
2019-09-30 15:08:55.850  WARN 19788 --- [restartedMain] org.apache.kafka.clients.NetworkClient   : [Consumer clientId=consumer-1, groupId=kafka2redis] Connection to node -1 could not be established. Broker may not be available.
2019-09-30 15:08:56.661  WARN 19788 --- [restartedMain] org.apache.kafka.clients.NetworkClient   : [Consumer clientId=consumer-1, groupId=kafka2redis] Connection to node -1 could not be established. Broker may not be available.
2019-09-30 15:08:57.473  WARN 19788 --- [restartedMain] org.apache.kafka.clients.NetworkClient   : [Consumer clientId=consumer-1, groupId=kafka2redis] Connection to node -1 could not be established. Broker may not be available.
2019-09-30 15:08:58.599  WARN 19788 --- [restartedMain] org.apache.kafka.clients.NetworkClient   : [Consumer clientId=consumer-1, groupId=kafka2redis] Connection to node -1 could not be established. Broker may not be available.
2019-09-30 15:08:59.517  WARN 19788 --- [restartedMain] org.apache.kafka.clients.NetworkClient   : [Consumer clientId=consumer-1, groupId=kafka2redis] Connection to node -1 could not be established. Broker may not be available.
2019-09-30 15:09:00.751  WARN 19788 --- [restartedMain] org.apache.kafka.clients.NetworkClient   : [Consumer clientId=consumer-1, groupId=kafka2redis] Connection to node -1 could not be established. Broker may not be available.
2019-09-30 15:09:01.773  WARN 19788 --- [restartedMain] org.apache.kafka.clients.NetworkClient   : [Consumer clientId=consumer-1, groupId=kafka2redis] Connection to node -1 could not be established. Broker may not be available.
2019-09-30 15:09:02.684  WARN 19788 --- [restartedMain] org.apache.kafka.clients.NetworkClient   : [Consumer clientId=consumer-1, groupId=kafka2redis] Connection to node -1 could not be established. Broker may not be available.
2019-09-30 15:09:03.596  WARN 19788 --- [restartedMain] org.apache.kafka.clients.NetworkClient   : [Consumer clientId=consumer-1, groupId=kafka2redis] Connection to node -1 could not be established. Broker may not be available.
2019-09-30 15:09:04.830  WARN 19788 --- [restartedMain] org.apache.kafka.clients.NetworkClient   : [Consumer clientId=consumer-1, groupId=kafka2redis] Connection to node -1 could not be established. Broker may not be available.
2019-09-30 15:09:06.047  WARN 19788 --- [restartedMain] org.apache.kafka.clients.NetworkClient   : [Consumer clientId=consumer-1, groupId=kafka2redis] Connection to node -1 could not be established. Broker may not be available.
2019-09-30 15:09:07.164  WARN 19788 --- [restartedMain] org.apache.kafka.clients.NetworkClient   : [Consumer clientId=consumer-1, groupId=kafka2redis] Connection to node -1 could not be established. Broker may not be available.
2019-09-30 15:09:08.190  WARN 19788 --- [restartedMain] org.apache.kafka.clients.NetworkClient   : [Consumer clientId=consumer-1, groupId=kafka2redis] Connection to node -1 could not be established. Broker may not be available.
2019-09-30 15:09:09.422  WARN 19788 --- [restartedMain] org.apache.kafka.clients.NetworkClient   : [Consumer clientId=consumer-1, groupId=kafka2redis] Connection to node -1 could not be established. Broker may not be available.
2019-09-30 15:09:10.481  WARN 19788 --- [restartedMain] org.apache.kafka.clients.NetworkClient   : [Consumer clientId=consumer-1, groupId=kafka2redis] Connection to node -1 could not be established. Broker may not be available.
2019-09-30 15:09:11.597  WARN 19788 --- [restartedMain] org.apache.kafka.clients.NetworkClient   : [Consumer clientId=consumer-1, groupId=kafka2redis] Connection to node -1 could not be established. Broker may not be available.
2019-09-30 15:09:12.513  WARN 19788 --- [restartedMain] org.apache.kafka.clients.NetworkClient   : [Consumer clientId=consumer-1, groupId=kafka2redis] Connection to node -1 could not be established. Broker may not be available.
2019-09-30 15:09:13.727  WARN 19788 --- [restartedMain] org.apache.kafka.clients.NetworkClient   : [Consumer clientId=consumer-1, groupId=kafka2redis] Connection to node -1 could not be established. Broker may not be available.
2019-09-30 15:09:14.748  WARN 19788 --- [restartedMain] org.apache.kafka.clients.NetworkClient   : [Consumer clientId=consumer-1, groupId=kafka2redis] Connection to node -1 could not be established. Broker may not be available.
2019-09-30 15:09:15.965  WARN 19788 --- [restartedMain] org.apache.kafka.clients.NetworkClient   : [Consumer clientId=consumer-1, groupId=kafka2redis] Connection to node -1 could not be established. Broker may not be available.
2019-09-30 15:09:17.187  WARN 19788 --- [restartedMain] org.apache.kafka.clients.NetworkClient   : [Consumer clientId=consumer-1, groupId=kafka2redis] Connection to node -1 could not be established. Broker may not be available.
2019-09-30 15:09:18.408  WARN 19788 --- [restartedMain] org.apache.kafka.clients.NetworkClient   : [Consumer clientId=consumer-1, groupId=kafka2redis] Connection to node -1 could not be established. Broker may not be available.
2019-09-30 15:09:19.615  WARN 19788 --- [restartedMain] org.apache.kafka.clients.NetworkClient   : [Consumer clientId=consumer-1, groupId=kafka2redis] Connection to node -1 could not be established. Broker may not be available.
2019-09-30 15:09:20.630  WARN 19788 --- [restartedMain] org.apache.kafka.clients.NetworkClient   : [Consumer clientId=consumer-1, groupId=kafka2redis] Connection to node -1 could not be established. Broker may not be available.
2019-09-30 15:09:21.818  WARN 19788 --- [restartedMain] org.apache.kafka.clients.NetworkClient   : [Consumer clientId=consumer-1, groupId=kafka2redis] Connection to node -1 could not be established. Broker may not be available.
2019-09-30 15:09:22.939  WARN 19788 --- [restartedMain] org.apache.kafka.clients.NetworkClient   : [Consumer clientId=consumer-1, groupId=kafka2redis] Connection to node -1 could not be established. Broker may not be available.
2019-09-30 15:09:23.936  WARN 19788 --- [restartedMain] org.apache.kafka.clients.NetworkClient   : [Consumer clientId=consumer-1, groupId=kafka2redis] Connection to node -1 could not be established. Broker may not be available.
2019-09-30 15:09:24.847  WARN 19788 --- [restartedMain] org.apache.kafka.clients.NetworkClient   : [Consumer clientId=consumer-1, groupId=kafka2redis] Connection to node -1 could not be established. Broker may not be available.
2019-09-30 15:09:26.059  WARN 19788 --- [restartedMain] org.apache.kafka.clients.NetworkClient   : [Consumer clientId=consumer-1, groupId=kafka2redis] Connection to node -1 could not be established. Broker may not be available.
2019-09-30 15:09:27.275  WARN 19788 --- [restartedMain] org.apache.kafka.clients.NetworkClient   : [Consumer clientId=consumer-1, groupId=kafka2redis] Connection to node -1 could not be established. Broker may not be available.
2019-09-30 15:09:28.200  WARN 19788 --- [restartedMain] org.apache.kafka.clients.NetworkClient   : [Consumer clientId=consumer-1, groupId=kafka2redis] Connection to node -1 could not be established. Broker may not be available.
2019-09-30 15:09:29.316  WARN 19788 --- [restartedMain] org.apache.kafka.clients.NetworkClient   : [Consumer clientId=consumer-1, groupId=kafka2redis] Connection to node -1 could not be established. Broker may not be available.
2019-09-30 15:09:30.330  WARN 19788 --- [restartedMain] org.apache.kafka.clients.NetworkClient   : [Consumer clientId=consumer-1, groupId=kafka2redis] Connection to node -1 could not be established. Broker may not be available.
2019-09-30 15:09:31.342  WARN 19788 --- [restartedMain] org.apache.kafka.clients.NetworkClient   : [Consumer clientId=consumer-1, groupId=kafka2redis] Connection to node -1 could not be established. Broker may not be available.
2019-09-30 15:09:32.461  WARN 19788 --- [restartedMain] org.apache.kafka.clients.NetworkClient   : [Consumer clientId=consumer-1, groupId=kafka2redis] Connection to node -1 could not be established. Broker may not be available.
2019-09-30 15:09:33.590  WARN 19788 --- [restartedMain] org.apache.kafka.clients.NetworkClient   : [Consumer clientId=consumer-1, groupId=kafka2redis] Connection to node -1 could not be established. Broker may not be available.
2019-09-30 15:09:34.509  WARN 19788 --- [restartedMain] org.apache.kafka.clients.NetworkClient   : [Consumer clientId=consumer-1, groupId=kafka2redis] Connection to node -1 could not be established. Broker may not be available.
2019-09-30 15:09:35.726  WARN 19788 --- [restartedMain] org.apache.kafka.clients.NetworkClient   : [Consumer clientId=consumer-1, groupId=kafka2redis] Connection to node -1 could not be established. Broker may not be available.
2019-09-30 15:09:36.737  WARN 19788 --- [restartedMain] org.apache.kafka.clients.NetworkClient   : [Consumer clientId=consumer-1, groupId=kafka2redis] Connection to node -1 could not be established. Broker may not be available.
2019-09-30 15:09:37.853  WARN 19788 --- [restartedMain] org.apache.kafka.clients.NetworkClient   : [Consumer clientId=consumer-1, groupId=kafka2redis] Connection to node -1 could not be established. Broker may not be available.
2019-09-30 15:09:38.865  WARN 19788 --- [restartedMain] org.apache.kafka.clients.NetworkClient   : [Consumer clientId=consumer-1, groupId=kafka2redis] Connection to node -1 could not be established. Broker may not be available.
2019-09-30 15:09:39.976  WARN 19788 --- [restartedMain] org.apache.kafka.clients.NetworkClient   : [Consumer clientId=consumer-1, groupId=kafka2redis] Connection to node -1 could not be established. Broker may not be available.
2019-09-30 15:09:40.995  WARN 19788 --- [restartedMain] org.apache.kafka.clients.NetworkClient   : [Consumer clientId=consumer-1, groupId=kafka2redis] Connection to node -1 could not be established. Broker may not be available.
2019-09-30 15:09:42.207  WARN 19788 --- [restartedMain] org.apache.kafka.clients.NetworkClient   : [Consumer clientId=consumer-1, groupId=kafka2redis] Connection to node -1 could not be established. Broker may not be available.
2019-09-30 15:09:43.225  WARN 19788 --- [restartedMain] org.apache.kafka.clients.NetworkClient   : [Consumer clientId=consumer-1, groupId=kafka2redis] Connection to node -1 could not be established. Broker may not be available.
2019-09-30 15:09:44.237  WARN 19788 --- [restartedMain] org.apache.kafka.clients.NetworkClient   : [Consumer clientId=consumer-1, groupId=kafka2redis] Connection to node -1 could not be established. Broker may not be available.
2019-09-30 15:09:45.361  WARN 19788 --- [restartedMain] org.apache.kafka.clients.NetworkClient   : [Consumer clientId=consumer-1, groupId=kafka2redis] Connection to node -1 could not be established. Broker may not be available.
2019-09-30 15:09:46.277  WARN 19788 --- [restartedMain] org.apache.kafka.clients.NetworkClient   : [Consumer clientId=consumer-1, groupId=kafka2redis] Connection to node -1 could not be established. Broker may not be available.
2019-09-30 15:09:47.246  WARN 19788 --- [restartedMain] org.apache.kafka.clients.NetworkClient   : [Consumer clientId=consumer-1, groupId=kafka2redis] Connection to node -1 could not be established. Broker may not be available.
2019-09-30 15:09:48.477  WARN 19788 --- [restartedMain] org.apache.kafka.clients.NetworkClient   : [Consumer clientId=consumer-1, groupId=kafka2redis] Connection to node -1 could not be established. Broker may not be available.
2019-09-30 15:09:49.391  WARN 19788 --- [restartedMain] org.apache.kafka.clients.NetworkClient   : [Consumer clientId=consumer-1, groupId=kafka2redis] Connection to node -1 could not be established. Broker may not be available.
2019-09-30 15:09:50.427  WARN 19788 --- [restartedMain] org.apache.kafka.clients.NetworkClient   : [Consumer clientId=consumer-1, groupId=kafka2redis] Connection to node -1 could not be established. Broker may not be available.
2019-09-30 15:09:51.471  WARN 19788 --- [restartedMain] org.apache.kafka.clients.NetworkClient   : [Consumer clientId=consumer-1, groupId=kafka2redis] Connection to node -1 could not be established. Broker may not be available.
2019-09-30 15:09:52.388  WARN 19788 --- [restartedMain] org.apache.kafka.clients.NetworkClient   : [Consumer clientId=consumer-1, groupId=kafka2redis] Connection to node -1 could not be established. Broker may not be available.
2019-09-30 15:09:53.329  WARN 19788 --- [restartedMain] org.apache.kafka.clients.NetworkClient   : [Consumer clientId=consumer-1, groupId=kafka2redis] Connection to node -1 could not be established. Broker may not be available.
2019-09-30 15:09:54.618  WARN 19788 --- [restartedMain] org.apache.kafka.clients.NetworkClient   : [Consumer clientId=consumer-1, groupId=kafka2redis] Connection to node -1 could not be established. Broker may not be available.
2019-09-30 15:09:54.983  WARN 19788 --- [restartedMain] ConfigServletWebServerApplicationContext : Exception encountered during context initialization - cancelling refresh attempt: org.springframework.context.ApplicationContextException: Failed to start bean 'org.springframework.kafka.config.internalKafkaListenerEndpointRegistry'; nested exception is org.apache.kafka.common.errors.TimeoutException: Timeout expired while fetching topic metadata
2019-09-30 15:09:55.016  INFO 19788 --- [restartedMain] o.s.s.concurrent.ThreadPoolTaskExecutor  : Shutting down ExecutorService 'applicationTaskExecutor'
2019-09-30 15:09:55.653  INFO 19788 --- [restartedMain] o.apache.catalina.core.StandardService   : Stopping service [Tomcat]
2019-09-30 15:09:55.684  INFO 19788 --- [restartedMain] ConditionEvaluationReportLoggingListener : 

Error starting ApplicationContext. To display the conditions report re-run your application with 'debug' enabled.
2019-09-30 15:09:55.696 ERROR 19788 --- [restartedMain] o.s.boot.SpringApplication               : Application run failed

org.springframework.context.ApplicationContextException: Failed to start bean 'org.springframework.kafka.config.internalKafkaListenerEndpointRegistry'; nested exception is org.apache.kafka.common.errors.TimeoutException: Timeout expired while fetching topic metadata
	at org.springframework.context.support.DefaultLifecycleProcessor.doStart(DefaultLifecycleProcessor.java:185) ~[spring-context-5.1.5.RELEASE.jar:5.1.5.RELEASE]
	at org.springframework.context.support.DefaultLifecycleProcessor.access$200(DefaultLifecycleProcessor.java:53) ~[spring-context-5.1.5.RELEASE.jar:5.1.5.RELEASE]
	at org.springframework.context.support.DefaultLifecycleProcessor$LifecycleGroup.start(DefaultLifecycleProcessor.java:360) ~[spring-context-5.1.5.RELEASE.jar:5.1.5.RELEASE]
	at org.springframework.context.support.DefaultLifecycleProcessor.startBeans(DefaultLifecycleProcessor.java:158) ~[spring-context-5.1.5.RELEASE.jar:5.1.5.RELEASE]
	at org.springframework.context.support.DefaultLifecycleProcessor.onRefresh(DefaultLifecycleProcessor.java:122) ~[spring-context-5.1.5.RELEASE.jar:5.1.5.RELEASE]
	at org.springframework.context.support.AbstractApplicationContext.finishRefresh(AbstractApplicationContext.java:893) ~[spring-context-5.1.5.RELEASE.jar:5.1.5.RELEASE]
	at org.springframework.boot.web.servlet.context.ServletWebServerApplicationContext.finishRefresh(ServletWebServerApplicationContext.java:163) ~[spring-boot-2.1.3.RELEASE.jar:2.1.3.RELEASE]
	at org.springframework.context.support.AbstractApplicationContext.refresh(AbstractApplicationContext.java:552) ~[spring-context-5.1.5.RELEASE.jar:5.1.5.RELEASE]
	at org.springframework.boot.web.servlet.context.ServletWebServerApplicationContext.refresh(ServletWebServerApplicationContext.java:142) ~[spring-boot-2.1.3.RELEASE.jar:2.1.3.RELEASE]
	at org.springframework.boot.SpringApplication.refresh(SpringApplication.java:775) [spring-boot-2.1.3.RELEASE.jar:2.1.3.RELEASE]
	at org.springframework.boot.SpringApplication.refreshContext(SpringApplication.java:397) [spring-boot-2.1.3.RELEASE.jar:2.1.3.RELEASE]
	at org.springframework.boot.SpringApplication.run(SpringApplication.java:316) [spring-boot-2.1.3.RELEASE.jar:2.1.3.RELEASE]
	at org.springframework.boot.SpringApplication.run(SpringApplication.java:1260) [spring-boot-2.1.3.RELEASE.jar:2.1.3.RELEASE]
	at org.springframework.boot.SpringApplication.run(SpringApplication.java:1248) [spring-boot-2.1.3.RELEASE.jar:2.1.3.RELEASE]
	at com.cennavi.VehicleNetworkingDataApplication.main(VehicleNetworkingDataApplication.java:14) [classes/:na]
	at sun.reflect.NativeMethodAccessorImpl.invoke0(Native Method) ~[na:1.8.0_201]
	at sun.reflect.NativeMethodAccessorImpl.invoke(NativeMethodAccessorImpl.java:62) ~[na:1.8.0_201]
	at sun.reflect.DelegatingMethodAccessorImpl.invoke(DelegatingMethodAccessorImpl.java:43) ~[na:1.8.0_201]
	at java.lang.reflect.Method.invoke(Method.java:498) ~[na:1.8.0_201]
	at org.springframework.boot.devtools.restart.RestartLauncher.run(RestartLauncher.java:49) [spring-boot-devtools-2.1.3.RELEASE.jar:2.1.3.RELEASE]
Caused by: org.apache.kafka.common.errors.TimeoutException: Timeout expired while fetching topic metadata

2019-09-30 15:09:55.913  INFO 19788 --- [restartedMain] c.c.VehicleNetworkingDataApplication     : Starting VehicleNetworkingDataApplication on DESKTOP-VNM988E with PID 19788 (C:\Users\cennavi\eclipse-workspace\vehicle_networking_data\target\classes started by cennavi in C:\Users\cennavi\eclipse-workspace\vehicle_networking_data)
2019-09-30 15:09:55.914  INFO 19788 --- [restartedMain] c.c.VehicleNetworkingDataApplication     : No active profile set, falling back to default profiles: default
2019-09-30 15:09:57.162  INFO 19788 --- [restartedMain] .s.d.r.c.RepositoryConfigurationDelegate : Multiple Spring Data modules found, entering strict repository configuration mode!
2019-09-30 15:09:57.162  INFO 19788 --- [restartedMain] .s.d.r.c.RepositoryConfigurationDelegate : Bootstrapping Spring Data repositories in DEFAULT mode.
2019-09-30 15:09:57.295  INFO 19788 --- [restartedMain] .s.d.r.c.RepositoryConfigurationDelegate : Finished Spring Data repository scanning in 127ms. Found 0 repository interfaces.
2019-09-30 15:09:58.057  INFO 19788 --- [restartedMain] trationDelegate$BeanPostProcessorChecker : Bean 'org.springframework.kafka.annotation.KafkaBootstrapConfiguration' of type [org.springframework.kafka.annotation.KafkaBootstrapConfiguration$$EnhancerBySpringCGLIB$$85c5a7cf] is not eligible for getting processed by all BeanPostProcessors (for example: not eligible for auto-proxying)
2019-09-30 15:09:58.065  INFO 19788 --- [restartedMain] trationDelegate$BeanPostProcessorChecker : Bean 'org.springframework.ws.config.annotation.DelegatingWsConfiguration' of type [org.springframework.ws.config.annotation.DelegatingWsConfiguration$$EnhancerBySpringCGLIB$$56ab5b4b] is not eligible for getting processed by all BeanPostProcessors (for example: not eligible for auto-proxying)
2019-09-30 15:09:58.070  INFO 19788 --- [restartedMain] .w.s.a.s.AnnotationActionEndpointMapping : Supporting [WS-Addressing August 2004, WS-Addressing 1.0]
2019-09-30 15:09:58.082  INFO 19788 --- [restartedMain] trationDelegate$BeanPostProcessorChecker : Bean 'org.springframework.transaction.annotation.ProxyTransactionManagementConfiguration' of type [org.springframework.transaction.annotation.ProxyTransactionManagementConfiguration$$EnhancerBySpringCGLIB$$b213964c] is not eligible for getting processed by all BeanPostProcessors (for example: not eligible for auto-proxying)
2019-09-30 15:09:58.998  INFO 19788 --- [restartedMain] o.s.b.w.embedded.tomcat.TomcatWebServer  : Tomcat initialized with port(s): 9086 (http)
2019-09-30 15:09:59.002  INFO 19788 --- [restartedMain] o.apache.catalina.core.StandardService   : Starting service [Tomcat]
2019-09-30 15:09:59.004  INFO 19788 --- [restartedMain] org.apache.catalina.core.StandardEngine  : Starting Servlet engine: [Apache Tomcat/9.0.16]
2019-09-30 15:09:59.111  INFO 19788 --- [restartedMain] o.a.c.c.C.[Tomcat-5].[localhost].[/iov]  : Initializing Spring embedded WebApplicationContext
2019-09-30 15:09:59.113  INFO 19788 --- [restartedMain] o.s.web.context.ContextLoader            : Root WebApplicationContext: initialization completed in 3185 ms
2019-09-30 15:09:59.447  INFO 19788 --- [restartedMain] o.s.s.concurrent.ThreadPoolTaskExecutor  : Initializing ExecutorService 'applicationTaskExecutor'
2019-09-30 15:09:59.841  INFO 19788 --- [restartedMain] o.s.b.d.a.OptionalLiveReloadServer       : LiveReload server is running on port 35729
2019-09-30 15:09:59.912  INFO 19788 --- [restartedMain] o.a.k.clients.consumer.ConsumerConfig    : ConsumerConfig values: 
	auto.commit.interval.ms = 5000
	auto.offset.reset = latest
	bootstrap.servers = [10.253.36.37:9092]
	check.crcs = true
	client.id = 
	connections.max.idle.ms = 540000
	default.api.timeout.ms = 60000
	enable.auto.commit = true
	exclude.internal.topics = true
	fetch.max.bytes = 52428800
	fetch.max.wait.ms = 500
	fetch.min.bytes = 1
	group.id = kafka2redis
	heartbeat.interval.ms = 3000
	interceptor.classes = []
	internal.leave.group.on.close = true
	isolation.level = read_uncommitted
	key.deserializer = class org.apache.kafka.common.serialization.StringDeserializer
	max.partition.fetch.bytes = 1048576
	max.poll.interval.ms = 300000
	max.poll.records = 500
	metadata.max.age.ms = 300000
	metric.reporters = []
	metrics.num.samples = 2
	metrics.recording.level = INFO
	metrics.sample.window.ms = 30000
	partition.assignment.strategy = [class org.apache.kafka.clients.consumer.RangeAssignor]
	receive.buffer.bytes = 65536
	reconnect.backoff.max.ms = 1000
	reconnect.backoff.ms = 50
	request.timeout.ms = 30000
	retry.backoff.ms = 100
	sasl.client.callback.handler.class = null
	sasl.jaas.config = null
	sasl.kerberos.kinit.cmd = /usr/bin/kinit
	sasl.kerberos.min.time.before.relogin = 60000
	sasl.kerberos.service.name = null
	sasl.kerberos.ticket.renew.jitter = 0.05
	sasl.kerberos.ticket.renew.window.factor = 0.8
	sasl.login.callback.handler.class = null
	sasl.login.class = null
	sasl.login.refresh.buffer.seconds = 300
	sasl.login.refresh.min.period.seconds = 60
	sasl.login.refresh.window.factor = 0.8
	sasl.login.refresh.window.jitter = 0.05
	sasl.mechanism = GSSAPI
	security.protocol = PLAINTEXT
	send.buffer.bytes = 131072
	session.timeout.ms = 10000
	ssl.cipher.suites = null
	ssl.enabled.protocols = [TLSv1.2, TLSv1.1, TLSv1]
	ssl.endpoint.identification.algorithm = https
	ssl.key.password = null
	ssl.keymanager.algorithm = SunX509
	ssl.keystore.location = null
	ssl.keystore.password = null
	ssl.keystore.type = JKS
	ssl.protocol = TLS
	ssl.provider = null
	ssl.secure.random.implementation = null
	ssl.trustmanager.algorithm = PKIX
	ssl.truststore.location = null
	ssl.truststore.password = null
	ssl.truststore.type = JKS
	value.deserializer = class org.apache.kafka.common.serialization.StringDeserializer

2019-09-30 15:09:59.939  INFO 19788 --- [restartedMain] o.a.kafka.common.utils.AppInfoParser     : Kafka version : 2.0.1
2019-09-30 15:09:59.940  INFO 19788 --- [restartedMain] o.a.kafka.common.utils.AppInfoParser     : Kafka commitId : fa14705e51bd2ce5
2019-09-30 15:09:59.955  WARN 19788 --- [restartedMain] org.apache.kafka.clients.NetworkClient   : [Consumer clientId=consumer-2, groupId=kafka2redis] Connection to node -1 could not be established. Broker may not be available.
2019-09-30 15:10:00.075  WARN 19788 --- [restartedMain] org.apache.kafka.clients.NetworkClient   : [Consumer clientId=consumer-2, groupId=kafka2redis] Connection to node -1 could not be established. Broker may not be available.
2019-09-30 15:10:00.315  WARN 19788 --- [restartedMain] org.apache.kafka.clients.NetworkClient   : [Consumer clientId=consumer-2, groupId=kafka2redis] Connection to node -1 could not be established. Broker may not be available.
2019-09-30 15:10:00.631  WARN 19788 --- [restartedMain] org.apache.kafka.clients.NetworkClient   : [Consumer clientId=consumer-2, groupId=kafka2redis] Connection to node -1 could not be established. Broker may not be available.
2019-09-30 15:10:01.181  WARN 19788 --- [restartedMain] org.apache.kafka.clients.NetworkClient   : [Consumer clientId=consumer-2, groupId=kafka2redis] Connection to node -1 could not be established. Broker may not be available.
2019-09-30 15:10:02.096  WARN 19788 --- [restartedMain] org.apache.kafka.clients.NetworkClient   : [Consumer clientId=consumer-2, groupId=kafka2redis] Connection to node -1 could not be established. Broker may not be available.
2019-09-30 15:10:03.136  WARN 19788 --- [restartedMain] org.apache.kafka.clients.NetworkClient   : [Consumer clientId=consumer-2, groupId=kafka2redis] Connection to node -1 could not be established. Broker may not be available.
2019-09-30 15:10:04.159  WARN 19788 --- [restartedMain] org.apache.kafka.clients.NetworkClient   : [Consumer clientId=consumer-2, groupId=kafka2redis] Connection to node -1 could not be established. Broker may not be available.
2019-09-30 15:10:05.242  WARN 19788 --- [restartedMain] org.apache.kafka.clients.NetworkClient   : [Consumer clientId=consumer-2, groupId=kafka2redis] Connection to node -1 could not be established. Broker may not be available.
2019-09-30 15:10:06.370  WARN 19788 --- [restartedMain] org.apache.kafka.clients.NetworkClient   : [Consumer clientId=consumer-2, groupId=kafka2redis] Connection to node -1 could not be established. Broker may not be available.
2019-09-30 15:10:07.161  INFO 19788 --- [restartedMain] .e.DevToolsPropertyDefaultsPostProcessor : Devtools property defaults active! Set 'spring.devtools.add-properties' to 'false' to disable
2019-09-30 15:10:07.163  INFO 19788 --- [restartedMain] .e.DevToolsPropertyDefaultsPostProcessor : For additional web related logging consider setting the 'logging.level.web' property to 'DEBUG'
2019-09-30 15:10:07.179  INFO 19788 --- [restartedMain] c.c.VehicleNetworkingDataApplication     : Starting VehicleNetworkingDataApplication on DESKTOP-VNM988E with PID 19788 (C:\Users\cennavi\eclipse-workspace\vehicle_networking_data\target\classes started by cennavi in C:\Users\cennavi\eclipse-workspace\vehicle_networking_data)
2019-09-30 15:10:07.181  INFO 19788 --- [restartedMain] c.c.VehicleNetworkingDataApplication     : No active profile set, falling back to default profiles: default
2019-09-30 15:10:07.501  WARN 19788 --- [restartedMain] org.apache.kafka.clients.NetworkClient   : [Consumer clientId=consumer-2, groupId=kafka2redis] Connection to node -1 could not be established. Broker may not be available.
2019-09-30 15:10:08.287  INFO 19788 --- [restartedMain] .s.d.r.c.RepositoryConfigurationDelegate : Multiple Spring Data modules found, entering strict repository configuration mode!
2019-09-30 15:10:08.290  INFO 19788 --- [restartedMain] .s.d.r.c.RepositoryConfigurationDelegate : Bootstrapping Spring Data repositories in DEFAULT mode.
2019-09-30 15:10:08.337  WARN 19788 --- [restartedMain] org.apache.kafka.clients.NetworkClient   : [Consumer clientId=consumer-2, groupId=kafka2redis] Connection to node -1 could not be established. Broker may not be available.
2019-09-30 15:10:08.345  INFO 19788 --- [restartedMain] .s.d.r.c.RepositoryConfigurationDelegate : Finished Spring Data repository scanning in 52ms. Found 0 repository interfaces.
2019-09-30 15:10:08.478  INFO 19788 --- [restartedMain] trationDelegate$BeanPostProcessorChecker : Bean 'org.springframework.kafka.annotation.KafkaBootstrapConfiguration' of type [org.springframework.kafka.annotation.KafkaBootstrapConfiguration$$EnhancerBySpringCGLIB$$85c5a7cf] is not eligible for getting processed by all BeanPostProcessors (for example: not eligible for auto-proxying)
2019-09-30 15:10:08.501  INFO 19788 --- [restartedMain] trationDelegate$BeanPostProcessorChecker : Bean 'org.springframework.ws.config.annotation.DelegatingWsConfiguration' of type [org.springframework.ws.config.annotation.DelegatingWsConfiguration$$EnhancerBySpringCGLIB$$56ab5b4b] is not eligible for getting processed by all BeanPostProcessors (for example: not eligible for auto-proxying)
2019-09-30 15:10:08.523  INFO 19788 --- [restartedMain] .w.s.a.s.AnnotationActionEndpointMapping : Supporting [WS-Addressing August 2004, WS-Addressing 1.0]
2019-09-30 15:10:08.529  INFO 19788 --- [restartedMain] trationDelegate$BeanPostProcessorChecker : Bean 'org.springframework.transaction.annotation.ProxyTransactionManagementConfiguration' of type [org.springframework.transaction.annotation.ProxyTransactionManagementConfiguration$$EnhancerBySpringCGLIB$$b213964c] is not eligible for getting processed by all BeanPostProcessors (for example: not eligible for auto-proxying)
2019-09-30 15:10:08.868  INFO 19788 --- [restartedMain] o.s.b.w.embedded.tomcat.TomcatWebServer  : Tomcat initialized with port(s): 9086 (http)
2019-09-30 15:10:08.869  INFO 19788 --- [restartedMain] o.apache.catalina.core.StandardService   : Starting service [Tomcat]
2019-09-30 15:10:08.872  INFO 19788 --- [restartedMain] org.apache.catalina.core.StandardEngine  : Starting Servlet engine: [Apache Tomcat/9.0.16]
2019-09-30 15:10:08.986  INFO 19788 --- [restartedMain] o.a.c.c.C.[Tomcat-6].[localhost].[/iov]  : Initializing Spring embedded WebApplicationContext
2019-09-30 15:10:08.986  INFO 19788 --- [restartedMain] o.s.web.context.ContextLoader            : Root WebApplicationContext: initialization completed in 1800 ms
2019-09-30 15:10:09.277  INFO 19788 --- [restartedMain] o.s.s.concurrent.ThreadPoolTaskExecutor  : Initializing ExecutorService 'applicationTaskExecutor'
2019-09-30 15:10:09.435  WARN 19788 --- [restartedMain] org.apache.kafka.clients.NetworkClient   : [Consumer clientId=consumer-2, groupId=kafka2redis] Connection to node -1 could not be established. Broker may not be available.
2019-09-30 15:10:09.567  INFO 19788 --- [restartedMain] o.s.b.d.a.OptionalLiveReloadServer       : LiveReload server is running on port 35729
2019-09-30 15:10:09.579  INFO 19788 --- [restartedMain] o.apache.catalina.core.StandardService   : Stopping service [Tomcat]
2019-09-30 15:10:09.606  INFO 19788 --- [restartedMain] ConditionEvaluationReportLoggingListener : 

Error starting ApplicationContext. To display the conditions report re-run your application with 'debug' enabled.
2019-09-30 15:10:09.610 ERROR 19788 --- [restartedMain] o.s.boot.SpringApplication               : Application run failed

org.springframework.jmx.export.UnableToRegisterMBeanException: Unable to register MBean [HikariDataSource (null)] with key 'dataSource'; nested exception is javax.management.InstanceAlreadyExistsException: com.zaxxer.hikari:name=dataSource,type=HikariDataSource
	at org.springframework.jmx.export.MBeanExporter.registerBeanNameOrInstance(MBeanExporter.java:625) ~[spring-context-5.1.5.RELEASE.jar:5.1.5.RELEASE]
	at org.springframework.jmx.export.MBeanExporter.lambda$registerBeans$2(MBeanExporter.java:551) ~[spring-context-5.1.5.RELEASE.jar:5.1.5.RELEASE]
	at java.util.HashMap.forEach(HashMap.java:1289) ~[na:1.8.0_201]
	at org.springframework.jmx.export.MBeanExporter.registerBeans(MBeanExporter.java:551) ~[spring-context-5.1.5.RELEASE.jar:5.1.5.RELEASE]
	at org.springframework.jmx.export.MBeanExporter.afterSingletonsInstantiated(MBeanExporter.java:434) ~[spring-context-5.1.5.RELEASE.jar:5.1.5.RELEASE]
	at org.springframework.beans.factory.support.DefaultListableBeanFactory.preInstantiateSingletons(DefaultListableBeanFactory.java:866) ~[spring-beans-5.1.5.RELEASE.jar:5.1.5.RELEASE]
	at org.springframework.context.support.AbstractApplicationContext.finishBeanFactoryInitialization(AbstractApplicationContext.java:877) ~[spring-context-5.1.5.RELEASE.jar:5.1.5.RELEASE]
	at org.springframework.context.support.AbstractApplicationContext.refresh(AbstractApplicationContext.java:549) ~[spring-context-5.1.5.RELEASE.jar:5.1.5.RELEASE]
	at org.springframework.boot.web.servlet.context.ServletWebServerApplicationContext.refresh(ServletWebServerApplicationContext.java:142) ~[spring-boot-2.1.3.RELEASE.jar:2.1.3.RELEASE]
	at org.springframework.boot.SpringApplication.refresh(SpringApplication.java:775) [spring-boot-2.1.3.RELEASE.jar:2.1.3.RELEASE]
	at org.springframework.boot.SpringApplication.refreshContext(SpringApplication.java:397) [spring-boot-2.1.3.RELEASE.jar:2.1.3.RELEASE]
	at org.springframework.boot.SpringApplication.run(SpringApplication.java:316) [spring-boot-2.1.3.RELEASE.jar:2.1.3.RELEASE]
	at org.springframework.boot.SpringApplication.run(SpringApplication.java:1260) [spring-boot-2.1.3.RELEASE.jar:2.1.3.RELEASE]
	at org.springframework.boot.SpringApplication.run(SpringApplication.java:1248) [spring-boot-2.1.3.RELEASE.jar:2.1.3.RELEASE]
	at com.cennavi.VehicleNetworkingDataApplication.main(VehicleNetworkingDataApplication.java:14) [classes/:na]
	at sun.reflect.NativeMethodAccessorImpl.invoke0(Native Method) ~[na:1.8.0_201]
	at sun.reflect.NativeMethodAccessorImpl.invoke(NativeMethodAccessorImpl.java:62) ~[na:1.8.0_201]
	at sun.reflect.DelegatingMethodAccessorImpl.invoke(DelegatingMethodAccessorImpl.java:43) ~[na:1.8.0_201]
	at java.lang.reflect.Method.invoke(Method.java:498) ~[na:1.8.0_201]
	at org.springframework.boot.devtools.restart.RestartLauncher.run(RestartLauncher.java:49) [spring-boot-devtools-2.1.3.RELEASE.jar:2.1.3.RELEASE]
Caused by: javax.management.InstanceAlreadyExistsException: com.zaxxer.hikari:name=dataSource,type=HikariDataSource
	at com.sun.jmx.mbeanserver.Repository.addMBean(Repository.java:437) ~[na:1.8.0_201]
	at com.sun.jmx.interceptor.DefaultMBeanServerInterceptor.registerWithRepository(DefaultMBeanServerInterceptor.java:1898) ~[na:1.8.0_201]
	at com.sun.jmx.interceptor.DefaultMBeanServerInterceptor.registerDynamicMBean(DefaultMBeanServerInterceptor.java:966) ~[na:1.8.0_201]
	at com.sun.jmx.interceptor.DefaultMBeanServerInterceptor.registerObject(DefaultMBeanServerInterceptor.java:900) ~[na:1.8.0_201]
	at com.sun.jmx.interceptor.DefaultMBeanServerInterceptor.registerMBean(DefaultMBeanServerInterceptor.java:324) ~[na:1.8.0_201]
	at com.sun.jmx.mbeanserver.JmxMBeanServer.registerMBean(JmxMBeanServer.java:522) ~[na:1.8.0_201]
	at org.springframework.jmx.support.MBeanRegistrationSupport.doRegister(MBeanRegistrationSupport.java:137) ~[spring-context-5.1.5.RELEASE.jar:5.1.5.RELEASE]
	at org.springframework.jmx.export.MBeanExporter.registerBeanInstance(MBeanExporter.java:671) ~[spring-context-5.1.5.RELEASE.jar:5.1.5.RELEASE]
	at org.springframework.jmx.export.MBeanExporter.registerBeanNameOrInstance(MBeanExporter.java:615) ~[spring-context-5.1.5.RELEASE.jar:5.1.5.RELEASE]
	... 19 common frames omitted

2019-09-30 15:10:09.611  INFO 19788 --- [restartedMain] o.s.s.concurrent.ThreadPoolTaskExecutor  : Shutting down ExecutorService 'applicationTaskExecutor'
2019-09-30 15:10:10.315  WARN 19788 --- [restartedMain] org.apache.kafka.clients.NetworkClient   : [Consumer clientId=consumer-2, groupId=kafka2redis] Connection to node -1 could not be established. Broker may not be available.
2019-09-30 15:10:11.550  WARN 19788 --- [restartedMain] org.apache.kafka.clients.NetworkClient   : [Consumer clientId=consumer-2, groupId=kafka2redis] Connection to node -1 could not be established. Broker may not be available.
2019-09-30 15:10:12.772  WARN 19788 --- [restartedMain] org.apache.kafka.clients.NetworkClient   : [Consumer clientId=consumer-2, groupId=kafka2redis] Connection to node -1 could not be established. Broker may not be available.
2019-09-30 15:10:13.681  WARN 19788 --- [restartedMain] org.apache.kafka.clients.NetworkClient   : [Consumer clientId=consumer-2, groupId=kafka2redis] Connection to node -1 could not be established. Broker may not be available.
2019-09-30 15:10:14.827  WARN 19788 --- [restartedMain] org.apache.kafka.clients.NetworkClient   : [Consumer clientId=consumer-2, groupId=kafka2redis] Connection to node -1 could not be established. Broker may not be available.
2019-09-30 15:10:15.942  WARN 19788 --- [restartedMain] org.apache.kafka.clients.NetworkClient   : [Consumer clientId=consumer-2, groupId=kafka2redis] Connection to node -1 could not be established. Broker may not be available.
2019-09-30 15:10:16.958  WARN 19788 --- [restartedMain] org.apache.kafka.clients.NetworkClient   : [Consumer clientId=consumer-2, groupId=kafka2redis] Connection to node -1 could not be established. Broker may not be available.
2019-09-30 15:10:18.071  WARN 19788 --- [restartedMain] org.apache.kafka.clients.NetworkClient   : [Consumer clientId=consumer-2, groupId=kafka2redis] Connection to node -1 could not be established. Broker may not be available.
2019-09-30 15:10:19.288  WARN 19788 --- [restartedMain] org.apache.kafka.clients.NetworkClient   : [Consumer clientId=consumer-2, groupId=kafka2redis] Connection to node -1 could not be established. Broker may not be available.
2019-09-30 15:10:20.216  WARN 19788 --- [restartedMain] org.apache.kafka.clients.NetworkClient   : [Consumer clientId=consumer-2, groupId=kafka2redis] Connection to node -1 could not be established. Broker may not be available.
2019-09-30 15:10:21.135  WARN 19788 --- [restartedMain] org.apache.kafka.clients.NetworkClient   : [Consumer clientId=consumer-2, groupId=kafka2redis] Connection to node -1 could not be established. Broker may not be available.
2019-09-30 15:10:22.154  WARN 19788 --- [restartedMain] org.apache.kafka.clients.NetworkClient   : [Consumer clientId=consumer-2, groupId=kafka2redis] Connection to node -1 could not be established. Broker may not be available.
2019-09-30 15:10:23.098  WARN 19788 --- [restartedMain] org.apache.kafka.clients.NetworkClient   : [Consumer clientId=consumer-2, groupId=kafka2redis] Connection to node -1 could not be established. Broker may not be available.
2019-09-30 15:10:24.226  WARN 19788 --- [restartedMain] org.apache.kafka.clients.NetworkClient   : [Consumer clientId=consumer-2, groupId=kafka2redis] Connection to node -1 could not be established. Broker may not be available.
2019-09-30 15:10:25.211  WARN 19788 --- [restartedMain] org.apache.kafka.clients.NetworkClient   : [Consumer clientId=consumer-2, groupId=kafka2redis] Connection to node -1 could not be established. Broker may not be available.
2019-09-30 15:10:26.243  WARN 19788 --- [restartedMain] org.apache.kafka.clients.NetworkClient   : [Consumer clientId=consumer-2, groupId=kafka2redis] Connection to node -1 could not be established. Broker may not be available.
2019-09-30 15:10:27.171  WARN 19788 --- [restartedMain] org.apache.kafka.clients.NetworkClient   : [Consumer clientId=consumer-2, groupId=kafka2redis] Connection to node -1 could not be established. Broker may not be available.
2019-09-30 15:10:28.408  WARN 19788 --- [restartedMain] org.apache.kafka.clients.NetworkClient   : [Consumer clientId=consumer-2, groupId=kafka2redis] Connection to node -1 could not be established. Broker may not be available.
2019-09-30 15:10:29.320  WARN 19788 --- [restartedMain] org.apache.kafka.clients.NetworkClient   : [Consumer clientId=consumer-2, groupId=kafka2redis] Connection to node -1 could not be established. Broker may not be available.
2019-09-30 15:10:30.350  WARN 19788 --- [restartedMain] org.apache.kafka.clients.NetworkClient   : [Consumer clientId=consumer-2, groupId=kafka2redis] Connection to node -1 could not be established. Broker may not be available.
2019-09-30 15:10:31.368  WARN 19788 --- [restartedMain] org.apache.kafka.clients.NetworkClient   : [Consumer clientId=consumer-2, groupId=kafka2redis] Connection to node -1 could not be established. Broker may not be available.
2019-09-30 15:10:32.512  WARN 19788 --- [restartedMain] org.apache.kafka.clients.NetworkClient   : [Consumer clientId=consumer-2, groupId=kafka2redis] Connection to node -1 could not be established. Broker may not be available.
2019-09-30 15:10:33.734  WARN 19788 --- [restartedMain] org.apache.kafka.clients.NetworkClient   : [Consumer clientId=consumer-2, groupId=kafka2redis] Connection to node -1 could not be established. Broker may not be available.
2019-09-30 15:10:34.668  WARN 19788 --- [restartedMain] org.apache.kafka.clients.NetworkClient   : [Consumer clientId=consumer-2, groupId=kafka2redis] Connection to node -1 could not be established. Broker may not be available.
2019-09-30 15:10:35.694  WARN 19788 --- [restartedMain] org.apache.kafka.clients.NetworkClient   : [Consumer clientId=consumer-2, groupId=kafka2redis] Connection to node -1 could not be established. Broker may not be available.
2019-09-30 15:10:36.709  WARN 19788 --- [restartedMain] org.apache.kafka.clients.NetworkClient   : [Consumer clientId=consumer-2, groupId=kafka2redis] Connection to node -1 could not be established. Broker may not be available.
2019-09-30 15:10:37.773  WARN 19788 --- [restartedMain] org.apache.kafka.clients.NetworkClient   : [Consumer clientId=consumer-2, groupId=kafka2redis] Connection to node -1 could not be established. Broker may not be available.
2019-09-30 15:10:38.711  WARN 19788 --- [restartedMain] org.apache.kafka.clients.NetworkClient   : [Consumer clientId=consumer-2, groupId=kafka2redis] Connection to node -1 could not be established. Broker may not be available.
2019-09-30 15:10:39.872  WARN 19788 --- [restartedMain] org.apache.kafka.clients.NetworkClient   : [Consumer clientId=consumer-2, groupId=kafka2redis] Connection to node -1 could not be established. Broker may not be available.
2019-09-30 15:10:40.820  WARN 19788 --- [restartedMain] org.apache.kafka.clients.NetworkClient   : [Consumer clientId=consumer-2, groupId=kafka2redis] Connection to node -1 could not be established. Broker may not be available.
2019-09-30 15:10:41.950  WARN 19788 --- [restartedMain] org.apache.kafka.clients.NetworkClient   : [Consumer clientId=consumer-2, groupId=kafka2redis] Connection to node -1 could not be established. Broker may not be available.
2019-09-30 15:10:42.924  WARN 19788 --- [restartedMain] org.apache.kafka.clients.NetworkClient   : [Consumer clientId=consumer-2, groupId=kafka2redis] Connection to node -1 could not be established. Broker may not be available.
2019-09-30 15:10:43.856  WARN 19788 --- [restartedMain] org.apache.kafka.clients.NetworkClient   : [Consumer clientId=consumer-2, groupId=kafka2redis] Connection to node -1 could not be established. Broker may not be available.
2019-09-30 15:10:44.893  WARN 19788 --- [restartedMain] org.apache.kafka.clients.NetworkClient   : [Consumer clientId=consumer-2, groupId=kafka2redis] Connection to node -1 could not be established. Broker may not be available.
2019-09-30 15:10:45.877  WARN 19788 --- [restartedMain] org.apache.kafka.clients.NetworkClient   : [Consumer clientId=consumer-2, groupId=kafka2redis] Connection to node -1 could not be established. Broker may not be available.
2019-09-30 15:10:47.062  WARN 19788 --- [restartedMain] org.apache.kafka.clients.NetworkClient   : [Consumer clientId=consumer-2, groupId=kafka2redis] Connection to node -1 could not be established. Broker may not be available.
2019-09-30 15:10:48.041  WARN 19788 --- [restartedMain] org.apache.kafka.clients.NetworkClient   : [Consumer clientId=consumer-2, groupId=kafka2redis] Connection to node -1 could not be established. Broker may not be available.
2019-09-30 15:10:48.982  WARN 19788 --- [restartedMain] org.apache.kafka.clients.NetworkClient   : [Consumer clientId=consumer-2, groupId=kafka2redis] Connection to node -1 could not be established. Broker may not be available.
2019-09-30 15:10:50.101  WARN 19788 --- [restartedMain] org.apache.kafka.clients.NetworkClient   : [Consumer clientId=consumer-2, groupId=kafka2redis] Connection to node -1 could not be established. Broker may not be available.
2019-09-30 15:10:51.217  WARN 19788 --- [restartedMain] org.apache.kafka.clients.NetworkClient   : [Consumer clientId=consumer-2, groupId=kafka2redis] Connection to node -1 could not be established. Broker may not be available.
2019-09-30 15:10:52.240  WARN 19788 --- [restartedMain] org.apache.kafka.clients.NetworkClient   : [Consumer clientId=consumer-2, groupId=kafka2redis] Connection to node -1 could not be established. Broker may not be available.
2019-09-30 15:10:53.288  WARN 19788 --- [restartedMain] org.apache.kafka.clients.NetworkClient   : [Consumer clientId=consumer-2, groupId=kafka2redis] Connection to node -1 could not be established. Broker may not be available.
2019-09-30 15:10:54.201  WARN 19788 --- [restartedMain] org.apache.kafka.clients.NetworkClient   : [Consumer clientId=consumer-2, groupId=kafka2redis] Connection to node -1 could not be established. Broker may not be available.
2019-09-30 15:10:55.409  WARN 19788 --- [restartedMain] org.apache.kafka.clients.NetworkClient   : [Consumer clientId=consumer-2, groupId=kafka2redis] Connection to node -1 could not be established. Broker may not be available.
2019-09-30 15:10:56.539  WARN 19788 --- [restartedMain] org.apache.kafka.clients.NetworkClient   : [Consumer clientId=consumer-2, groupId=kafka2redis] Connection to node -1 could not be established. Broker may not be available.
2019-09-30 15:10:57.751  WARN 19788 --- [restartedMain] org.apache.kafka.clients.NetworkClient   : [Consumer clientId=consumer-2, groupId=kafka2redis] Connection to node -1 could not be established. Broker may not be available.
2019-09-30 15:10:58.976  WARN 19788 --- [restartedMain] org.apache.kafka.clients.NetworkClient   : [Consumer clientId=consumer-2, groupId=kafka2redis] Connection to node -1 could not be established. Broker may not be available.
2019-09-30 15:10:59.968  WARN 19788 --- [restartedMain] ConfigServletWebServerApplicationContext : Exception encountered during context initialization - cancelling refresh attempt: org.springframework.context.ApplicationContextException: Failed to start bean 'org.springframework.kafka.config.internalKafkaListenerEndpointRegistry'; nested exception is org.apache.kafka.common.errors.TimeoutException: Timeout expired while fetching topic metadata
2019-09-30 15:10:59.978  INFO 19788 --- [restartedMain] o.s.s.concurrent.ThreadPoolTaskExecutor  : Shutting down ExecutorService 'applicationTaskExecutor'
2019-09-30 15:11:00.319  INFO 19788 --- [restartedMain] ConditionEvaluationReportLoggingListener : 

Error starting ApplicationContext. To display the conditions report re-run your application with 'debug' enabled.
2019-09-30 15:11:00.333 ERROR 19788 --- [restartedMain] o.s.boot.SpringApplication               : Application run failed

org.springframework.context.ApplicationContextException: Failed to start bean 'org.springframework.kafka.config.internalKafkaListenerEndpointRegistry'; nested exception is org.apache.kafka.common.errors.TimeoutException: Timeout expired while fetching topic metadata
	at org.springframework.context.support.DefaultLifecycleProcessor.doStart(DefaultLifecycleProcessor.java:185) ~[spring-context-5.1.5.RELEASE.jar:5.1.5.RELEASE]
	at org.springframework.context.support.DefaultLifecycleProcessor.access$200(DefaultLifecycleProcessor.java:53) ~[spring-context-5.1.5.RELEASE.jar:5.1.5.RELEASE]
	at org.springframework.context.support.DefaultLifecycleProcessor$LifecycleGroup.start(DefaultLifecycleProcessor.java:360) ~[spring-context-5.1.5.RELEASE.jar:5.1.5.RELEASE]
	at org.springframework.context.support.DefaultLifecycleProcessor.startBeans(DefaultLifecycleProcessor.java:158) ~[spring-context-5.1.5.RELEASE.jar:5.1.5.RELEASE]
	at org.springframework.context.support.DefaultLifecycleProcessor.onRefresh(DefaultLifecycleProcessor.java:122) ~[spring-context-5.1.5.RELEASE.jar:5.1.5.RELEASE]
	at org.springframework.context.support.AbstractApplicationContext.finishRefresh(AbstractApplicationContext.java:893) ~[spring-context-5.1.5.RELEASE.jar:5.1.5.RELEASE]
	at org.springframework.boot.web.servlet.context.ServletWebServerApplicationContext.finishRefresh(ServletWebServerApplicationContext.java:163) ~[spring-boot-2.1.3.RELEASE.jar:2.1.3.RELEASE]
	at org.springframework.context.support.AbstractApplicationContext.refresh(AbstractApplicationContext.java:552) ~[spring-context-5.1.5.RELEASE.jar:5.1.5.RELEASE]
	at org.springframework.boot.web.servlet.context.ServletWebServerApplicationContext.refresh(ServletWebServerApplicationContext.java:142) ~[spring-boot-2.1.3.RELEASE.jar:2.1.3.RELEASE]
	at org.springframework.boot.SpringApplication.refresh(SpringApplication.java:775) [spring-boot-2.1.3.RELEASE.jar:2.1.3.RELEASE]
	at org.springframework.boot.SpringApplication.refreshContext(SpringApplication.java:397) [spring-boot-2.1.3.RELEASE.jar:2.1.3.RELEASE]
	at org.springframework.boot.SpringApplication.run(SpringApplication.java:316) [spring-boot-2.1.3.RELEASE.jar:2.1.3.RELEASE]
	at org.springframework.boot.SpringApplication.run(SpringApplication.java:1260) [spring-boot-2.1.3.RELEASE.jar:2.1.3.RELEASE]
	at org.springframework.boot.SpringApplication.run(SpringApplication.java:1248) [spring-boot-2.1.3.RELEASE.jar:2.1.3.RELEASE]
	at com.cennavi.VehicleNetworkingDataApplication.main(VehicleNetworkingDataApplication.java:14) [classes/:na]
	at sun.reflect.NativeMethodAccessorImpl.invoke0(Native Method) ~[na:1.8.0_201]
	at sun.reflect.NativeMethodAccessorImpl.invoke(NativeMethodAccessorImpl.java:62) ~[na:1.8.0_201]
	at sun.reflect.DelegatingMethodAccessorImpl.invoke(DelegatingMethodAccessorImpl.java:43) ~[na:1.8.0_201]
	at java.lang.reflect.Method.invoke(Method.java:498) ~[na:1.8.0_201]
	at org.springframework.boot.devtools.restart.RestartLauncher.run(RestartLauncher.java:49) [spring-boot-devtools-2.1.3.RELEASE.jar:2.1.3.RELEASE]
Caused by: org.apache.kafka.common.errors.TimeoutException: Timeout expired while fetching topic metadata

